<?xml version="1.0" encoding="utf-8"?><testsuites name="pytest tests"><testsuite name="pytest" errors="1" failures="0" skipped="0" tests="1" time="0.647" timestamp="2025-07-29T16:28:46.025816+02:00" hostname="DESKTOP-0C1EB3V"><testcase classname="" name="Sblocks.maintenance.tests.test_maintenance_service" time="0.000"><error message="collection failure">ImportError while importing test module 'C:\Users\user\OneDrive\Documents\capstone\repo\SAMFMS\Sblocks\maintenance\tests\test_maintenance_service.py'.
Hint: make sure your test modules/packages have valid Python names.
Traceback:
C:\Users\user\AppData\Local\Programs\Python\Python313\Lib\site-packages\_pytest\python.py:498: in importtestmodule
    mod = import_path(
C:\Users\user\AppData\Local\Programs\Python\Python313\Lib\site-packages\_pytest\pathlib.py:587: in import_path
    importlib.import_module(module_name)
C:\Users\user\AppData\Local\Programs\Python\Python313\Lib\importlib\__init__.py:88: in import_module
    return _bootstrap._gcd_import(name[level:], package, level)
           ^^^^^^^^^^^^^^^^^^^^^^^^^^^^^^^^^^^^^^^^^^^^^^^^^^^^
&lt;frozen importlib._bootstrap&gt;:1387: in _gcd_import
    ???
&lt;frozen importlib._bootstrap&gt;:1360: in _find_and_load
    ???
&lt;frozen importlib._bootstrap&gt;:1331: in _find_and_load_unlocked
    ???
&lt;frozen importlib._bootstrap&gt;:935: in _load_unlocked
    ???
C:\Users\user\AppData\Local\Programs\Python\Python313\Lib\site-packages\_pytest\assertion\rewrite.py:186: in exec_module
    exec(co, module.__dict__)
Sblocks\maintenance\tests\test_maintenance_service.py:11: in &lt;module&gt;
    from services.maintenance_service import MaintenanceRecordsService
E   ModuleNotFoundError: No module named 'services'</error></testcase></testsuite></testsuites>