# JRE version: OpenJDK Runtime Environment Temurin-21.0.8+9 (21.0.8+9) (build 21.0.8+9-LTS)
# Java VM: OpenJDK 64-Bit Server VM Temurin-21.0.8+9 (21.0.8+9-LTS, mixed mode, sharing, tiered, compressed oops, compressed class ptrs, parallel gc, windows-amd64)
GC Precious Log:
 CardTable entry size: 512
 CPUs: 8 total, 8 available
 Memory: 5965M
 Large Page Support: Disabled
 NUMA Support: Disabled
 Compressed Oops: Enabled (32-bit)
 Alignments: Space 512K, Generation 512K, Heap 2M
 Heap Min Capacity: 100M
 Heap Initial Capacity: 100M
 Heap Max Capacity: 2G
 Pre-touch: Disabled
 Parallel Workers: 8
Heap:
 PSYoungGen      total 24064K, used 4857K [0x00000000d5580000, 0x00000000d7000000, 0x0000000100000000)
  eden space 22016K, 13% used [0x00000000d5580000,0x00000000d584fb40,0x00000000d6b00000)
  from space 2048K, 96% used [0x00000000d6b00000,0x00000000d6ceeb38,0x00000000d6d00000)
  to   space 2560K, 0% used [0x00000000d6d80000,0x00000000d6d80000,0x00000000d7000000)
 ParOldGen       total 68608K, used 42008K [0x0000000080000000, 0x0000000084300000, 0x00000000d5580000)
  object space 68608K, 61% used [0x0000000080000000,0x0000000082906338,0x0000000084300000)
 Metaspace       used 67687K, committed 68992K, reserved 1114112K
  class space    used 8528K, committed 9088K, reserved 1048576K
GC Heap History (20 events):
Event: 28.747 GC heap before
{Heap before GC invocations=39 (full 3):
 PSYoungGen      total 22528K, used 22464K [0x00000000d5580000, 0x00000000d7100000, 0x0000000100000000)
  eden space 22016K, 100% used [0x00000000d5580000,0x00000000d6b00000,0x00000000d6b00000)
  from space 512K, 87% used [0x00000000d7000000,0x00000000d7070000,0x00000000d7080000)
  to   space 512K, 0% used [0x00000000d7080000,0x00000000d7080000,0x00000000d7100000)
 ParOldGen       total 68608K, used 38782K [0x0000000080000000, 0x0000000084300000, 0x00000000d5580000)
  object space 68608K, 56% used [0x0000000080000000,0x00000000825dfbb0,0x0000000084300000)
 Metaspace       used 60648K, committed 61952K, reserved 1114112K
  class space    used 7612K, committed 8128K, reserved 1048576K
}
Event: 28.747 GC heap after
{Heap after GC invocations=39 (full 3):
 PSYoungGen      total 22528K, used 429K [0x00000000d5580000, 0x00000000d7100000, 0x0000000100000000)
  eden space 22016K, 0% used [0x00000000d5580000,0x00000000d5580000,0x00000000d6b00000)
  from space 512K, 83% used [0x00000000d7080000,0x00000000d70eb420,0x00000000d7100000)
  to   space 512K, 0% used [0x00000000d7000000,0x00000000d7000000,0x00000000d7080000)
 ParOldGen       total 68608K, used 39089K [0x0000000080000000, 0x0000000084300000, 0x00000000d5580000)
  object space 68608K, 56% used [0x0000000080000000,0x000000008262c730,0x0000000084300000)
 Metaspace       used 60648K, committed 61952K, reserved 1114112K
  class space    used 7612K, committed 8128K, reserved 1048576K
}
Event: 28.872 GC heap before
{Heap before GC invocations=40 (full 3):
 PSYoungGen      total 22528K, used 22445K [0x00000000d5580000, 0x00000000d7100000, 0x0000000100000000)
  eden space 22016K, 100% used [0x00000000d5580000,0x00000000d6b00000,0x00000000d6b00000)
  from space 512K, 83% used [0x00000000d7080000,0x00000000d70eb420,0x00000000d7100000)
  to   space 512K, 0% used [0x00000000d7000000,0x00000000d7000000,0x00000000d7080000)
 ParOldGen       total 68608K, used 39089K [0x0000000080000000, 0x0000000084300000, 0x00000000d5580000)
  object space 68608K, 56% used [0x0000000080000000,0x000000008262c730,0x0000000084300000)
 Metaspace       used 60648K, committed 61952K, reserved 1114112K
  class space    used 7612K, committed 8128K, reserved 1048576K
}
Event: 28.873 GC heap after
{Heap after GC invocations=40 (full 3):
 PSYoungGen      total 22528K, used 373K [0x00000000d5580000, 0x00000000d7100000, 0x0000000100000000)
  eden space 22016K, 0% used [0x00000000d5580000,0x00000000d5580000,0x00000000d6b00000)
  from space 512K, 72% used [0x00000000d7000000,0x00000000d705d4b8,0x00000000d7080000)
  to   space 512K, 0% used [0x00000000d7080000,0x00000000d7080000,0x00000000d7100000)
 ParOldGen       total 68608K, used 39121K [0x0000000080000000, 0x0000000084300000, 0x00000000d5580000)
  object space 68608K, 57% used [0x0000000080000000,0x0000000082634730,0x0000000084300000)
 Metaspace       used 60648K, committed 61952K, reserved 1114112K
  class space    used 7612K, committed 8128K, reserved 1048576K
}
Event: 29.026 GC heap before
{Heap before GC invocations=41 (full 3):
 PSYoungGen      total 22528K, used 22389K [0x00000000d5580000, 0x00000000d7100000, 0x0000000100000000)
  eden space 22016K, 100% used [0x00000000d5580000,0x00000000d6b00000,0x00000000d6b00000)
  from space 512K, 72% used [0x00000000d7000000,0x00000000d705d4b8,0x00000000d7080000)
  to   space 512K, 0% used [0x00000000d7080000,0x00000000d7080000,0x00000000d7100000)
 ParOldGen       total 68608K, used 39121K [0x0000000080000000, 0x0000000084300000, 0x00000000d5580000)
  object space 68608K, 57% used [0x0000000080000000,0x0000000082634730,0x0000000084300000)
 Metaspace       used 60648K, committed 61952K, reserved 1114112K
  class space    used 7612K, committed 8128K, reserved 1048576K
}
Event: 29.027 GC heap after
{Heap after GC invocations=41 (full 3):
 PSYoungGen      total 22528K, used 224K [0x00000000d5580000, 0x00000000d7100000, 0x0000000100000000)
  eden space 22016K, 0% used [0x00000000d5580000,0x00000000d5580000,0x00000000d6b00000)
  from space 512K, 43% used [0x00000000d7080000,0x00000000d70b8000,0x00000000d7100000)
  to   space 512K, 0% used [0x00000000d7000000,0x00000000d7000000,0x00000000d7080000)
 ParOldGen       total 68608K, used 39198K [0x0000000080000000, 0x0000000084300000, 0x00000000d5580000)
  object space 68608K, 57% used [0x0000000080000000,0x0000000082647800,0x0000000084300000)
 Metaspace       used 60648K, committed 61952K, reserved 1114112K
  class space    used 7612K, committed 8128K, reserved 1048576K
}
Event: 29.168 GC heap before
{Heap before GC invocations=42 (full 3):
 PSYoungGen      total 22528K, used 22240K [0x00000000d5580000, 0x00000000d7100000, 0x0000000100000000)
  eden space 22016K, 100% used [0x00000000d5580000,0x00000000d6b00000,0x00000000d6b00000)
  from space 512K, 43% used [0x00000000d7080000,0x00000000d70b8000,0x00000000d7100000)
  to   space 512K, 0% used [0x00000000d7000000,0x00000000d7000000,0x00000000d7080000)
 ParOldGen       total 68608K, used 39198K [0x0000000080000000, 0x0000000084300000, 0x00000000d5580000)
  object space 68608K, 57% used [0x0000000080000000,0x0000000082647800,0x0000000084300000)
 Metaspace       used 60648K, committed 61952K, reserved 1114112K
  class space    used 7612K, committed 8128K, reserved 1048576K
}
Event: 29.169 GC heap after
{Heap after GC invocations=42 (full 3):
 PSYoungGen      total 22528K, used 426K [0x00000000d5580000, 0x00000000d7100000, 0x0000000100000000)
  eden space 22016K, 0% used [0x00000000d5580000,0x00000000d5580000,0x00000000d6b00000)
  from space 512K, 83% used [0x00000000d7000000,0x00000000d706a800,0x00000000d7080000)
  to   space 512K, 0% used [0x00000000d7080000,0x00000000d7080000,0x00000000d7100000)
 ParOldGen       total 68608K, used 39254K [0x0000000080000000, 0x0000000084300000, 0x00000000d5580000)
  object space 68608K, 57% used [0x0000000080000000,0x0000000082655810,0x0000000084300000)
 Metaspace       used 60648K, committed 61952K, reserved 1114112K
  class space    used 7612K, committed 8128K, reserved 1048576K
}
Event: 29.350 GC heap before
{Heap before GC invocations=43 (full 3):
 PSYoungGen      total 22528K, used 22442K [0x00000000d5580000, 0x00000000d7100000, 0x0000000100000000)
  eden space 22016K, 100% used [0x00000000d5580000,0x00000000d6b00000,0x00000000d6b00000)
  from space 512K, 83% used [0x00000000d7000000,0x00000000d706a800,0x00000000d7080000)
  to   space 512K, 0% used [0x00000000d7080000,0x00000000d7080000,0x00000000d7100000)
 ParOldGen       total 68608K, used 39254K [0x0000000080000000, 0x0000000084300000, 0x00000000d5580000)
  object space 68608K, 57% used [0x0000000080000000,0x0000000082655810,0x0000000084300000)
 Metaspace       used 60648K, committed 61952K, reserved 1114112K
  class space    used 7612K, committed 8128K, reserved 1048576K
}
Event: 29.351 GC heap after
{Heap after GC invocations=43 (full 3):
 PSYoungGen      total 22528K, used 494K [0x00000000d5580000, 0x00000000d7100000, 0x0000000100000000)
  eden space 22016K, 0% used [0x00000000d5580000,0x00000000d5580000,0x00000000d6b00000)
  from space 512K, 96% used [0x00000000d7080000,0x00000000d70fbba0,0x00000000d7100000)
  to   space 1024K, 0% used [0x00000000d6f00000,0x00000000d6f00000,0x00000000d7000000)
 ParOldGen       total 68608K, used 39494K [0x0000000080000000, 0x0000000084300000, 0x00000000d5580000)
  object space 68608K, 57% used [0x0000000080000000,0x0000000082691998,0x0000000084300000)
 Metaspace       used 60648K, committed 61952K, reserved 1114112K
  class space    used 7612K, committed 8128K, reserved 1048576K
}
Event: 29.467 GC heap before
{Heap before GC invocations=44 (full 3):
 PSYoungGen      total 22528K, used 22510K [0x00000000d5580000, 0x00000000d7100000, 0x0000000100000000)
  eden space 22016K, 100% used [0x00000000d5580000,0x00000000d6b00000,0x00000000d6b00000)
  from space 512K, 96% used [0x00000000d7080000,0x00000000d70fbba0,0x00000000d7100000)
  to   space 1024K, 0% used [0x00000000d6f00000,0x00000000d6f00000,0x00000000d7000000)
 ParOldGen       total 68608K, used 39494K [0x0000000080000000, 0x0000000084300000, 0x00000000d5580000)
  object space 68608K, 57% used [0x0000000080000000,0x0000000082691998,0x0000000084300000)
 Metaspace       used 60648K, committed 61952K, reserved 1114112K
  class space    used 7612K, committed 8128K, reserved 1048576K
}
Event: 29.468 GC heap after
{Heap after GC invocations=44 (full 3):
 PSYoungGen      total 23040K, used 1019K [0x00000000d5580000, 0x00000000d7100000, 0x0000000100000000)
  eden space 22016K, 0% used [0x00000000d5580000,0x00000000d5580000,0x00000000d6b00000)
  from space 1024K, 99% used [0x00000000d6f00000,0x00000000d6ffee98,0x00000000d7000000)
  to   space 1024K, 0% used [0x00000000d7000000,0x00000000d7000000,0x00000000d7100000)
 ParOldGen       total 68608K, used 39553K [0x0000000080000000, 0x0000000084300000, 0x00000000d5580000)
  object space 68608K, 57% used [0x0000000080000000,0x00000000826a0528,0x0000000084300000)
 Metaspace       used 60648K, committed 61952K, reserved 1114112K
  class space    used 7612K, committed 8128K, reserved 1048576K
}
Event: 29.656 GC heap before
{Heap before GC invocations=45 (full 3):
 PSYoungGen      total 23040K, used 23035K [0x00000000d5580000, 0x00000000d7100000, 0x0000000100000000)
  eden space 22016K, 100% used [0x00000000d5580000,0x00000000d6b00000,0x00000000d6b00000)
  from space 1024K, 99% used [0x00000000d6f00000,0x00000000d6ffee98,0x00000000d7000000)
  to   space 1024K, 0% used [0x00000000d7000000,0x00000000d7000000,0x00000000d7100000)
 ParOldGen       total 68608K, used 39553K [0x0000000080000000, 0x0000000084300000, 0x00000000d5580000)
  object space 68608K, 57% used [0x0000000080000000,0x00000000826a0528,0x0000000084300000)
 Metaspace       used 60648K, committed 61952K, reserved 1114112K
  class space    used 7612K, committed 8128K, reserved 1048576K
}
Event: 29.656 GC heap after
{Heap after GC invocations=45 (full 3):
 PSYoungGen      total 23040K, used 1010K [0x00000000d5580000, 0x00000000d7100000, 0x0000000100000000)
  eden space 22016K, 0% used [0x00000000d5580000,0x00000000d5580000,0x00000000d6b00000)
  from space 1024K, 98% used [0x00000000d7000000,0x00000000d70fc8f8,0x00000000d7100000)
  to   space 1536K, 0% used [0x00000000d6e00000,0x00000000d6e00000,0x00000000d6f80000)
 ParOldGen       total 68608K, used 39585K [0x0000000080000000, 0x0000000084300000, 0x00000000d5580000)
  object space 68608K, 57% used [0x0000000080000000,0x00000000826a8528,0x0000000084300000)
 Metaspace       used 60648K, committed 61952K, reserved 1114112K
  class space    used 7612K, committed 8128K, reserved 1048576K
}
Event: 30.003 GC heap before
{Heap before GC invocations=46 (full 3):
 PSYoungGen      total 23040K, used 23026K [0x00000000d5580000, 0x00000000d7100000, 0x0000000100000000)
  eden space 22016K, 100% used [0x00000000d5580000,0x00000000d6b00000,0x00000000d6b00000)
  from space 1024K, 98% used [0x00000000d7000000,0x00000000d70fc8f8,0x00000000d7100000)
  to   space 1536K, 0% used [0x00000000d6e00000,0x00000000d6e00000,0x00000000d6f80000)
 ParOldGen       total 68608K, used 39585K [0x0000000080000000, 0x0000000084300000, 0x00000000d5580000)
  object space 68608K, 57% used [0x0000000080000000,0x00000000826a8528,0x0000000084300000)
 Metaspace       used 62506K, committed 63872K, reserved 1114112K
  class space    used 7908K, committed 8512K, reserved 1048576K
}
Event: 30.004 GC heap after
{Heap after GC invocations=46 (full 3):
 PSYoungGen      total 23552K, used 688K [0x00000000d5580000, 0x00000000d7080000, 0x0000000100000000)
  eden space 22016K, 0% used [0x00000000d5580000,0x00000000d5580000,0x00000000d6b00000)
  from space 1536K, 44% used [0x00000000d6e00000,0x00000000d6eac010,0x00000000d6f80000)
  to   space 1024K, 0% used [0x00000000d6f80000,0x00000000d6f80000,0x00000000d7080000)
 ParOldGen       total 68608K, used 39617K [0x0000000080000000, 0x0000000084300000, 0x00000000d5580000)
  object space 68608K, 57% used [0x0000000080000000,0x00000000826b0528,0x0000000084300000)
 Metaspace       used 62506K, committed 63872K, reserved 1114112K
  class space    used 7908K, committed 8512K, reserved 1048576K
}
Event: 33.783 GC heap before
{Heap before GC invocations=47 (full 3):
 PSYoungGen      total 23552K, used 22704K [0x00000000d5580000, 0x00000000d7080000, 0x0000000100000000)
  eden space 22016K, 100% used [0x00000000d5580000,0x00000000d6b00000,0x00000000d6b00000)
  from space 1536K, 44% used [0x00000000d6e00000,0x00000000d6eac010,0x00000000d6f80000)
  to   space 1024K, 0% used [0x00000000d6f80000,0x00000000d6f80000,0x00000000d7080000)
 ParOldGen       total 68608K, used 39617K [0x0000000080000000, 0x0000000084300000, 0x00000000d5580000)
  object space 68608K, 57% used [0x0000000080000000,0x00000000826b0528,0x0000000084300000)
 Metaspace       used 64160K, committed 65472K, reserved 1114112K
  class space    used 8104K, committed 8640K, reserved 1048576K
}
Event: 33.786 GC heap after
{Heap after GC invocations=47 (full 3):
 PSYoungGen      total 23040K, used 992K [0x00000000d5580000, 0x00000000d7100000, 0x0000000100000000)
  eden space 22016K, 0% used [0x00000000d5580000,0x00000000d5580000,0x00000000d6b00000)
  from space 1024K, 96% used [0x00000000d6f80000,0x00000000d7078010,0x00000000d7080000)
  to   space 3072K, 0% used [0x00000000d6b00000,0x00000000d6b00000,0x00000000d6e00000)
 ParOldGen       total 68608K, used 40986K [0x0000000080000000, 0x0000000084300000, 0x00000000d5580000)
  object space 68608K, 59% used [0x0000000080000000,0x0000000082806990,0x0000000084300000)
 Metaspace       used 64160K, committed 65472K, reserved 1114112K
  class space    used 8104K, committed 8640K, reserved 1048576K
}
Event: 34.335 GC heap before
{Heap before GC invocations=48 (full 3):
 PSYoungGen      total 23040K, used 23008K [0x00000000d5580000, 0x00000000d7100000, 0x0000000100000000)
  eden space 22016K, 100% used [0x00000000d5580000,0x00000000d6b00000,0x00000000d6b00000)
  from space 1024K, 96% used [0x00000000d6f80000,0x00000000d7078010,0x00000000d7080000)
  to   space 3072K, 0% used [0x00000000d6b00000,0x00000000d6b00000,0x00000000d6e00000)
 ParOldGen       total 68608K, used 40986K [0x0000000080000000, 0x0000000084300000, 0x00000000d5580000)
  object space 68608K, 59% used [0x0000000080000000,0x0000000082806990,0x0000000084300000)
 Metaspace       used 67154K, committed 68480K, reserved 1114112K
  class space    used 8450K, committed 9024K, reserved 1048576K
}
Event: 34.339 GC heap after
{Heap after GC invocations=48 (full 3):
 PSYoungGen      total 24064K, used 1978K [0x00000000d5580000, 0x00000000d7000000, 0x0000000100000000)
  eden space 22016K, 0% used [0x00000000d5580000,0x00000000d5580000,0x00000000d6b00000)
  from space 2048K, 96% used [0x00000000d6b00000,0x00000000d6ceeb38,0x00000000d6d00000)
  to   space 2560K, 0% used [0x00000000d6d80000,0x00000000d6d80000,0x00000000d7000000)
 ParOldGen       total 68608K, used 42008K [0x0000000080000000, 0x0000000084300000, 0x00000000d5580000)
  object space 68608K, 61% used [0x0000000080000000,0x0000000082906338,0x0000000084300000)
 Metaspace       used 67154K, committed 68480K, reserved 1114112K
  class space    used 8450K, committed 9024K, reserved 1048576K
}

