# JRE version: OpenJDK Runtime Environment Temurin-17.0.11+9 (17.0.11+9) (build 17.0.11+9)
# Java VM: OpenJDK 64-Bit Server VM Temurin-17.0.11+9 (17.0.11+9, mixed mode, sharing, tiered, compressed oops, compressed class ptrs, g1 gc, windows-amd64)
GC Precious Log:
 CPUs: 8 total, 8 available
 Memory: 5965M
 Large Page Support: Disabled
 NUMA Support: Disabled
 Compressed Oops: Enabled (32-bit)
 Heap Region Size: 1M
 Heap Min Capacity: 8M
 Heap Initial Capacity: 94M
 Heap Max Capacity: 2G
 Pre-touch: Disabled
 Parallel Workers: 8
 Concurrent Workers: 2
 Concurrent Refinement Workers: 8
 Periodic GC: Disabled
Heap:
 garbage-first heap   total 89088K, used 49404K [0x0000000080000000, 0x0000000100000000)
  region size 1024K, 15 young (15360K), 3 survivors (3072K)
 Metaspace       used 39729K, committed 40256K, reserved 491520K
  class space    used 5514K, committed 5760K, reserved 425984K
GC Heap History (20 events):
Event: 0.927 GC heap before
{Heap before GC invocations=0 (full 0):
 garbage-first heap   total 96256K, used 23552K [0x0000000080000000, 0x0000000100000000)
  region size 1024K, 23 young (23552K), 0 survivors (0K)
 Metaspace       used 1045K, committed 1216K, reserved 491520K
  class space    used 73K, committed 128K, reserved 425984K
}
Event: 0.935 GC heap after
{Heap after GC invocations=1 (full 0):
 garbage-first heap   total 96256K, used 2048K [0x0000000080000000, 0x0000000100000000)
  region size 1024K, 2 young (2048K), 2 survivors (2048K)
 Metaspace       used 1045K, committed 1216K, reserved 491520K
  class space    used 73K, committed 128K, reserved 425984K
}
Event: 2.716 GC heap before
{Heap before GC invocations=1 (full 0):
 garbage-first heap   total 96256K, used 40960K [0x0000000080000000, 0x0000000100000000)
  region size 1024K, 37 young (37888K), 2 survivors (2048K)
 Metaspace       used 4353K, committed 4544K, reserved 491520K
  class space    used 547K, committed 640K, reserved 425984K
}
Event: 2.726 GC heap after
{Heap after GC invocations=2 (full 0):
 garbage-first heap   total 96256K, used 10794K [0x0000000080000000, 0x0000000100000000)
  region size 1024K, 5 young (5120K), 5 survivors (5120K)
 Metaspace       used 4353K, committed 4544K, reserved 491520K
  class space    used 547K, committed 640K, reserved 425984K
}
Event: 3.891 GC heap before
{Heap before GC invocations=2 (full 0):
 garbage-first heap   total 96256K, used 52778K [0x0000000080000000, 0x0000000100000000)
  region size 1024K, 44 young (45056K), 5 survivors (5120K)
 Metaspace       used 4446K, committed 4608K, reserved 491520K
  class space    used 549K, committed 640K, reserved 425984K
}
Event: 3.900 GC heap after
{Heap after GC invocations=3 (full 0):
 garbage-first heap   total 96256K, used 16127K [0x0000000080000000, 0x0000000100000000)
  region size 1024K, 4 young (4096K), 4 survivors (4096K)
 Metaspace       used 4446K, committed 4608K, reserved 491520K
  class space    used 549K, committed 640K, reserved 425984K
}
Event: 6.906 GC heap before
{Heap before GC invocations=3 (full 0):
 garbage-first heap   total 96256K, used 61183K [0x0000000080000000, 0x0000000100000000)
  region size 1024K, 49 young (50176K), 4 survivors (4096K)
 Metaspace       used 12727K, committed 12992K, reserved 491520K
  class space    used 1709K, committed 1856K, reserved 425984K
}
Event: 6.913 GC heap after
{Heap after GC invocations=4 (full 0):
 garbage-first heap   total 96256K, used 20721K [0x0000000080000000, 0x0000000100000000)
  region size 1024K, 5 young (5120K), 5 survivors (5120K)
 Metaspace       used 12727K, committed 12992K, reserved 491520K
  class space    used 1709K, committed 1856K, reserved 425984K
}
Event: 8.738 GC heap before
{Heap before GC invocations=4 (full 0):
 garbage-first heap   total 96256K, used 64753K [0x0000000080000000, 0x0000000100000000)
  region size 1024K, 49 young (50176K), 5 survivors (5120K)
 Metaspace       used 18819K, committed 19136K, reserved 491520K
  class space    used 2716K, committed 2880K, reserved 425984K
}
Event: 8.743 GC heap after
{Heap after GC invocations=5 (full 0):
 garbage-first heap   total 96256K, used 23300K [0x0000000080000000, 0x0000000100000000)
  region size 1024K, 3 young (3072K), 3 survivors (3072K)
 Metaspace       used 18819K, committed 19136K, reserved 491520K
  class space    used 2716K, committed 2880K, reserved 425984K
}
Event: 9.392 GC heap before
{Heap before GC invocations=5 (full 0):
 garbage-first heap   total 96256K, used 45828K [0x0000000080000000, 0x0000000100000000)
  region size 1024K, 26 young (26624K), 3 survivors (3072K)
 Metaspace       used 21187K, committed 21504K, reserved 491520K
  class space    used 3093K, committed 3264K, reserved 425984K
}
Event: 9.397 GC heap after
{Heap after GC invocations=6 (full 0):
 garbage-first heap   total 96256K, used 24600K [0x0000000080000000, 0x0000000100000000)
  region size 1024K, 4 young (4096K), 4 survivors (4096K)
 Metaspace       used 21187K, committed 21504K, reserved 491520K
  class space    used 3093K, committed 3264K, reserved 425984K
}
Event: 10.705 GC heap before
{Heap before GC invocations=7 (full 0):
 garbage-first heap   total 89088K, used 70680K [0x0000000080000000, 0x0000000100000000)
  region size 1024K, 50 young (51200K), 4 survivors (4096K)
 Metaspace       used 27058K, committed 27456K, reserved 491520K
  class space    used 3950K, committed 4160K, reserved 425984K
}
Event: 10.711 GC heap after
{Heap after GC invocations=8 (full 0):
 garbage-first heap   total 89088K, used 28046K [0x0000000080000000, 0x0000000100000000)
  region size 1024K, 6 young (6144K), 6 survivors (6144K)
 Metaspace       used 27058K, committed 27456K, reserved 491520K
  class space    used 3950K, committed 4160K, reserved 425984K
}
Event: 11.826 GC heap before
{Heap before GC invocations=8 (full 0):
 garbage-first heap   total 89088K, used 63886K [0x0000000080000000, 0x0000000100000000)
  region size 1024K, 42 young (43008K), 6 survivors (6144K)
 Metaspace       used 33488K, committed 33984K, reserved 491520K
  class space    used 4716K, committed 4928K, reserved 425984K
}
Event: 11.832 GC heap after
{Heap after GC invocations=9 (full 0):
 garbage-first heap   total 89088K, used 32721K [0x0000000080000000, 0x0000000100000000)
  region size 1024K, 5 young (5120K), 5 survivors (5120K)
 Metaspace       used 33488K, committed 33984K, reserved 491520K
  class space    used 4716K, committed 4928K, reserved 425984K
}
Event: 12.823 GC heap before
{Heap before GC invocations=9 (full 0):
 garbage-first heap   total 89088K, used 68561K [0x0000000080000000, 0x0000000100000000)
  region size 1024K, 36 young (36864K), 5 survivors (5120K)
 Metaspace       used 35538K, committed 35968K, reserved 491520K
  class space    used 4892K, committed 5120K, reserved 425984K
}
Event: 12.829 GC heap after
{Heap after GC invocations=10 (full 0):
 garbage-first heap   total 89088K, used 35251K [0x0000000080000000, 0x0000000100000000)
  region size 1024K, 4 young (4096K), 4 survivors (4096K)
 Metaspace       used 35538K, committed 35968K, reserved 491520K
  class space    used 4892K, committed 5120K, reserved 425984K
}
Event: 14.938 GC heap before
{Heap before GC invocations=11 (full 0):
 garbage-first heap   total 89088K, used 65971K [0x0000000080000000, 0x0000000100000000)
  region size 1024K, 34 young (34816K), 4 survivors (4096K)
 Metaspace       used 38371K, committed 38848K, reserved 491520K
  class space    used 5301K, committed 5504K, reserved 425984K
}
Event: 14.943 GC heap after
{Heap after GC invocations=12 (full 0):
 garbage-first heap   total 89088K, used 38140K [0x0000000080000000, 0x0000000100000000)
  region size 1024K, 3 young (3072K), 3 survivors (3072K)
 Metaspace       used 38371K, committed 38848K, reserved 491520K
  class space    used 5301K, committed 5504K, reserved 425984K
}

