# JRE version: Java(TM) SE Runtime Environment (17.0.11+7) (build 17.0.11+7-LTS-207)
# Java VM: Java HotSpot(TM) 64-Bit Server VM (17.0.11+7-LTS-207, mixed mode, sharing, tiered, compressed oops, compressed class ptrs, g1 gc, windows-amd64)
GC Precious Log:
 CPUs: 8 total, 8 available
 Memory: 5965M
 Large Page Support: Disabled
 NUMA Support: Disabled
 Compressed Oops: Enabled (32-bit)
 Heap Region Size: 1M
 Heap Min Capacity: 8M
 Heap Initial Capacity: 94M
 Heap Max Capacity: 1492M
 Pre-touch: Disabled
 Parallel Workers: 8
 Concurrent Workers: 2
 Concurrent Refinement Workers: 8
 Periodic GC: Disabled
Heap:
 garbage-first heap   total 65536K, used 38335K [0x00000000a2c00000, 0x0000000100000000)
  region size 1024K, 3 young (3072K), 2 survivors (2048K)
 Metaspace       used 41091K, committed 41344K, reserved 1114112K
  class space    used 4864K, committed 4992K, reserved 1048576K
GC Heap History (20 events):
Event: 2.025 GC heap before
{Heap before GC invocations=0 (full 0):
 garbage-first heap   total 96256K, used 26624K [0x00000000a2c00000, 0x0000000100000000)
  region size 1024K, 23 young (23552K), 0 survivors (0K)
 Metaspace       used 7046K, committed 7168K, reserved 1114112K
  class space    used 655K, committed 704K, reserved 1048576K
}
Event: 2.047 GC heap after
{Heap after GC invocations=1 (full 0):
 garbage-first heap   total 96256K, used 6016K [0x00000000a2c00000, 0x0000000100000000)
  region size 1024K, 3 young (3072K), 3 survivors (3072K)
 Metaspace       used 7046K, committed 7168K, reserved 1114112K
  class space    used 655K, committed 704K, reserved 1048576K
}
Event: 3.842 GC heap before
{Heap before GC invocations=1 (full 0):
 garbage-first heap   total 96256K, used 37760K [0x00000000a2c00000, 0x0000000100000000)
  region size 1024K, 34 young (34816K), 3 survivors (3072K)
 Metaspace       used 13748K, committed 13952K, reserved 1114112K
  class space    used 1480K, committed 1600K, reserved 1048576K
}
Event: 3.858 GC heap after
{Heap after GC invocations=2 (full 0):
 garbage-first heap   total 96256K, used 11394K [0x00000000a2c00000, 0x0000000100000000)
  region size 1024K, 5 young (5120K), 5 survivors (5120K)
 Metaspace       used 13748K, committed 13952K, reserved 1114112K
  class space    used 1480K, committed 1600K, reserved 1048576K
}
Event: 9.608 GC heap before
{Heap before GC invocations=2 (full 0):
 garbage-first heap   total 96256K, used 39042K [0x00000000a2c00000, 0x0000000100000000)
  region size 1024K, 33 young (33792K), 5 survivors (5120K)
 Metaspace       used 21357K, committed 21504K, reserved 1114112K
  class space    used 2814K, committed 2880K, reserved 1048576K
}
Event: 9.623 GC heap after
{Heap after GC invocations=3 (full 0):
 garbage-first heap   total 96256K, used 14449K [0x00000000a2c00000, 0x0000000100000000)
  region size 1024K, 3 young (3072K), 3 survivors (3072K)
 Metaspace       used 21357K, committed 21504K, reserved 1114112K
  class space    used 2814K, committed 2880K, reserved 1048576K
}
Event: 11.689 GC heap before
{Heap before GC invocations=4 (full 0):
 garbage-first heap   total 55296K, used 43121K [0x00000000a2c00000, 0x0000000100000000)
  region size 1024K, 32 young (32768K), 3 survivors (3072K)
 Metaspace       used 27109K, committed 27264K, reserved 1114112K
  class space    used 3393K, committed 3456K, reserved 1048576K
}
Event: 11.701 GC heap after
{Heap after GC invocations=5 (full 0):
 garbage-first heap   total 55296K, used 17345K [0x00000000a2c00000, 0x0000000100000000)
  region size 1024K, 3 young (3072K), 3 survivors (3072K)
 Metaspace       used 27109K, committed 27264K, reserved 1114112K
  class space    used 3393K, committed 3456K, reserved 1048576K
}
Event: 15.252 GC heap before
{Heap before GC invocations=5 (full 0):
 garbage-first heap   total 55296K, used 38849K [0x00000000a2c00000, 0x0000000100000000)
  region size 1024K, 25 young (25600K), 3 survivors (3072K)
 Metaspace       used 32565K, committed 32768K, reserved 1114112K
  class space    used 3961K, committed 4032K, reserved 1048576K
}
Event: 15.261 GC heap after
{Heap after GC invocations=6 (full 0):
 garbage-first heap   total 55296K, used 19277K [0x00000000a2c00000, 0x0000000100000000)
  region size 1024K, 2 young (2048K), 2 survivors (2048K)
 Metaspace       used 32565K, committed 32768K, reserved 1114112K
  class space    used 3961K, committed 4032K, reserved 1048576K
}
Event: 17.459 GC heap before
{Heap before GC invocations=6 (full 0):
 garbage-first heap   total 55296K, used 35661K [0x00000000a2c00000, 0x0000000100000000)
  region size 1024K, 19 young (19456K), 2 survivors (2048K)
 Metaspace       used 36030K, committed 36288K, reserved 1114112K
  class space    used 4306K, committed 4416K, reserved 1048576K
}
Event: 17.483 GC heap after
{Heap after GC invocations=7 (full 0):
 garbage-first heap   total 55296K, used 20824K [0x00000000a2c00000, 0x0000000100000000)
  region size 1024K, 2 young (2048K), 2 survivors (2048K)
 Metaspace       used 36030K, committed 36288K, reserved 1114112K
  class space    used 4306K, committed 4416K, reserved 1048576K
}
Event: 19.323 GC heap before
{Heap before GC invocations=8 (full 0):
 garbage-first heap   total 55296K, used 41304K [0x00000000a2c00000, 0x0000000100000000)
  region size 1024K, 22 young (22528K), 2 survivors (2048K)
 Metaspace       used 37287K, committed 37568K, reserved 1114112K
  class space    used 4425K, committed 4544K, reserved 1048576K
}
Event: 19.340 GC heap after
{Heap after GC invocations=9 (full 0):
 garbage-first heap   total 55296K, used 27631K [0x00000000a2c00000, 0x0000000100000000)
  region size 1024K, 3 young (3072K), 3 survivors (3072K)
 Metaspace       used 37287K, committed 37568K, reserved 1114112K
  class space    used 4425K, committed 4544K, reserved 1048576K
}
Event: 19.507 GC heap before
{Heap before GC invocations=9 (full 0):
 garbage-first heap   total 55296K, used 38895K [0x00000000a2c00000, 0x0000000100000000)
  region size 1024K, 15 young (15360K), 3 survivors (3072K)
 Metaspace       used 37326K, committed 37568K, reserved 1114112K
  class space    used 4425K, committed 4544K, reserved 1048576K
}
Event: 19.522 GC heap after
{Heap after GC invocations=10 (full 0):
 garbage-first heap   total 55296K, used 32374K [0x00000000a2c00000, 0x0000000100000000)
  region size 1024K, 2 young (2048K), 2 survivors (2048K)
 Metaspace       used 37326K, committed 37568K, reserved 1114112K
  class space    used 4425K, committed 4544K, reserved 1048576K
}
Event: 19.915 GC heap before
{Heap before GC invocations=11 (full 0):
 garbage-first heap   total 61440K, used 40566K [0x00000000a2c00000, 0x0000000100000000)
  region size 1024K, 10 young (10240K), 2 survivors (2048K)
 Metaspace       used 37886K, committed 38144K, reserved 1114112K
  class space    used 4506K, committed 4672K, reserved 1048576K
}
Event: 19.922 GC heap after
{Heap after GC invocations=12 (full 0):
 garbage-first heap   total 61440K, used 35062K [0x00000000a2c00000, 0x0000000100000000)
  region size 1024K, 2 young (2048K), 2 survivors (2048K)
 Metaspace       used 37886K, committed 38144K, reserved 1114112K
  class space    used 4506K, committed 4672K, reserved 1048576K
}
Event: 20.410 GC heap before
{Heap before GC invocations=12 (full 0):
 garbage-first heap   total 61440K, used 45302K [0x00000000a2c00000, 0x0000000100000000)
  region size 1024K, 12 young (12288K), 2 survivors (2048K)
 Metaspace       used 39834K, committed 40128K, reserved 1114112K
  class space    used 4713K, committed 4864K, reserved 1048576K
}
Event: 20.417 GC heap after
{Heap after GC invocations=13 (full 0):
 garbage-first heap   total 61440K, used 36497K [0x00000000a2c00000, 0x0000000100000000)
  region size 1024K, 2 young (2048K), 2 survivors (2048K)
 Metaspace       used 39834K, committed 40128K, reserved 1114112K
  class space    used 4713K, committed 4864K, reserved 1048576K
}

