# JRE version: Java(TM) SE Runtime Environment (17.0.11+7) (build 17.0.11+7-LTS-207)
# Java VM: Java HotSpot(TM) 64-Bit Server VM (17.0.11+7-LTS-207, mixed mode, sharing, tiered, compressed oops, compressed class ptrs, g1 gc, windows-amd64)
GC Precious Log:
 CPUs: 8 total, 8 available
 Memory: 5965M
 Large Page Support: Disabled
 NUMA Support: Disabled
 Compressed Oops: Enabled (Zero based)
 Heap Region Size: 2M
 Heap Min Capacity: 8M
 Heap Initial Capacity: 94M
 Heap Max Capacity: 4G
 Pre-touch: Disabled
 Parallel Workers: 8
 Concurrent Workers: 2
 Concurrent Refinement Workers: 8
 Periodic GC: Disabled
Heap:
 garbage-first heap   total 583680K, used 360630K [0x0000000700000000, 0x0000000800000000)
  region size 2048K, 41 young (83968K), 5 survivors (10240K)
 Metaspace       used 123464K, committed 125248K, reserved 983040K
  class space    used 16936K, committed 17728K, reserved 851968K
GC Heap History (20 events):
Event: 35.499 GC heap before
{Heap before GC invocations=63 (full 0):
 garbage-first heap   total 399360K, used 329647K [0x0000000700000000, 0x0000000800000000)
  region size 2048K, 40 young (81920K), 5 survivors (10240K)
 Metaspace       used 117005K, committed 118656K, reserved 983040K
  class space    used 16187K, committed 16896K, reserved 851968K
}
Event: 35.509 GC heap after
{Heap after GC invocations=64 (full 0):
 garbage-first heap   total 399360K, used 266014K [0x0000000700000000, 0x0000000800000000)
  region size 2048K, 4 young (8192K), 4 survivors (8192K)
 Metaspace       used 117005K, committed 118656K, reserved 983040K
  class space    used 16187K, committed 16896K, reserved 851968K
}
Event: 35.767 GC heap before
{Heap before GC invocations=64 (full 0):
 garbage-first heap   total 399360K, used 333598K [0x0000000700000000, 0x0000000800000000)
  region size 2048K, 37 young (75776K), 4 survivors (8192K)
 Metaspace       used 117067K, committed 118656K, reserved 983040K
  class space    used 16195K, committed 16896K, reserved 851968K
}
Event: 35.774 GC heap after
{Heap after GC invocations=65 (full 0):
 garbage-first heap   total 399360K, used 268323K [0x0000000700000000, 0x0000000800000000)
  region size 2048K, 3 young (6144K), 3 survivors (6144K)
 Metaspace       used 117067K, committed 118656K, reserved 983040K
  class space    used 16195K, committed 16896K, reserved 851968K
}
Event: 36.117 GC heap before
{Heap before GC invocations=65 (full 0):
 garbage-first heap   total 399360K, used 335907K [0x0000000700000000, 0x0000000800000000)
  region size 2048K, 36 young (73728K), 3 survivors (6144K)
 Metaspace       used 117097K, committed 118720K, reserved 983040K
  class space    used 16197K, committed 16896K, reserved 851968K
}
Event: 36.123 GC heap after
{Heap after GC invocations=66 (full 0):
 garbage-first heap   total 479232K, used 270828K [0x0000000700000000, 0x0000000800000000)
  region size 2048K, 4 young (8192K), 4 survivors (8192K)
 Metaspace       used 117097K, committed 118720K, reserved 983040K
  class space    used 16197K, committed 16896K, reserved 851968K
}
Event: 36.635 GC heap before
{Heap before GC invocations=66 (full 0):
 garbage-first heap   total 479232K, used 393708K [0x0000000700000000, 0x0000000800000000)
  region size 2048K, 65 young (133120K), 4 survivors (8192K)
 Metaspace       used 117189K, committed 118784K, reserved 983040K
  class space    used 16203K, committed 16896K, reserved 851968K
}
Event: 36.644 GC heap after
{Heap after GC invocations=67 (full 0):
 garbage-first heap   total 479232K, used 275013K [0x0000000700000000, 0x0000000800000000)
  region size 2048K, 6 young (12288K), 6 survivors (12288K)
 Metaspace       used 117189K, committed 118784K, reserved 983040K
  class space    used 16203K, committed 16896K, reserved 851968K
}
Event: 37.211 GC heap before
{Heap before GC invocations=67 (full 0):
 garbage-first heap   total 479232K, used 397893K [0x0000000700000000, 0x0000000800000000)
  region size 2048K, 67 young (137216K), 6 survivors (12288K)
 Metaspace       used 117575K, committed 119296K, reserved 983040K
  class space    used 16232K, committed 16960K, reserved 851968K
}
Event: 37.227 GC heap after
{Heap after GC invocations=68 (full 0):
 garbage-first heap   total 479232K, used 280598K [0x0000000700000000, 0x0000000800000000)
  region size 2048K, 7 young (14336K), 7 survivors (14336K)
 Metaspace       used 117575K, committed 119296K, reserved 983040K
  class space    used 16232K, committed 16960K, reserved 851968K
}
Event: 37.934 GC heap before
{Heap before GC invocations=68 (full 0):
 garbage-first heap   total 479232K, used 397334K [0x0000000700000000, 0x0000000800000000)
  region size 2048K, 65 young (133120K), 7 survivors (14336K)
 Metaspace       used 119176K, committed 120832K, reserved 983040K
  class space    used 16360K, committed 17088K, reserved 851968K
}
Event: 37.946 GC heap after
{Heap after GC invocations=69 (full 0):
 garbage-first heap   total 479232K, used 285529K [0x0000000700000000, 0x0000000800000000)
  region size 2048K, 7 young (14336K), 7 survivors (14336K)
 Metaspace       used 119176K, committed 120832K, reserved 983040K
  class space    used 16360K, committed 17088K, reserved 851968K
}
Event: 38.170 GC heap before
{Heap before GC invocations=69 (full 0):
 garbage-first heap   total 479232K, used 342873K [0x0000000700000000, 0x0000000800000000)
  region size 2048K, 37 young (75776K), 7 survivors (14336K)
 Metaspace       used 119449K, committed 121088K, reserved 983040K
  class space    used 16370K, committed 17088K, reserved 851968K
}
Event: 38.179 GC heap after
{Heap after GC invocations=70 (full 0):
 garbage-first heap   total 479232K, used 287258K [0x0000000700000000, 0x0000000800000000)
  region size 2048K, 5 young (10240K), 5 survivors (10240K)
 Metaspace       used 119449K, committed 121088K, reserved 983040K
  class space    used 16370K, committed 17088K, reserved 851968K
}
Event: 38.623 GC heap before
{Heap before GC invocations=71 (full 0):
 garbage-first heap   total 583680K, used 393754K [0x0000000700000000, 0x0000000800000000)
  region size 2048K, 58 young (118784K), 5 survivors (10240K)
 Metaspace       used 120036K, committed 121728K, reserved 983040K
  class space    used 16462K, committed 17216K, reserved 851968K
}
Event: 38.631 GC heap after
{Heap after GC invocations=72 (full 0):
 garbage-first heap   total 583680K, used 289477K [0x0000000700000000, 0x0000000800000000)
  region size 2048K, 4 young (8192K), 4 survivors (8192K)
 Metaspace       used 120036K, committed 121728K, reserved 983040K
  class space    used 16462K, committed 17216K, reserved 851968K
}
Event: 38.676 GC heap before
{Heap before GC invocations=72 (full 0):
 garbage-first heap   total 583680K, used 307909K [0x0000000700000000, 0x0000000800000000)
  region size 2048K, 14 young (28672K), 4 survivors (8192K)
 Metaspace       used 120149K, committed 121856K, reserved 983040K
  class space    used 16482K, committed 17216K, reserved 851968K
}
Event: 38.684 GC heap after
{Heap after GC invocations=73 (full 0):
 garbage-first heap   total 583680K, used 283058K [0x0000000700000000, 0x0000000800000000)
  region size 2048K, 2 young (4096K), 2 survivors (4096K)
 Metaspace       used 120149K, committed 121856K, reserved 983040K
  class space    used 16482K, committed 17216K, reserved 851968K
}
Event: 48.941 GC heap before
{Heap before GC invocations=73 (full 0):
 garbage-first heap   total 583680K, used 489906K [0x0000000700000000, 0x0000000800000000)
  region size 2048K, 104 young (212992K), 2 survivors (4096K)
 Metaspace       used 123113K, committed 124864K, reserved 983040K
  class space    used 16929K, committed 17728K, reserved 851968K
}
Event: 48.949 GC heap after
{Heap after GC invocations=74 (full 0):
 garbage-first heap   total 583680K, used 288950K [0x0000000700000000, 0x0000000800000000)
  region size 2048K, 5 young (10240K), 5 survivors (10240K)
 Metaspace       used 123113K, committed 124864K, reserved 983040K
  class space    used 16929K, committed 17728K, reserved 851968K
}

