# JRE version: Java(TM) SE Runtime Environment (17.0.11+7) (build 17.0.11+7-LTS-207)
# Java VM: Java HotSpot(TM) 64-Bit Server VM (17.0.11+7-LTS-207, mixed mode, sharing, tiered, compressed oops, compressed class ptrs, g1 gc, windows-amd64)
GC Precious Log:
 CPUs: 8 total, 8 available
 Memory: 5965M
 Large Page Support: Disabled
 NUMA Support: Disabled
 Compressed Oops: Enabled (32-bit)
 Heap Region Size: 1M
 Heap Min Capacity: 8M
 Heap Initial Capacity: 94M
 Heap Max Capacity: 1492M
 Pre-touch: Disabled
 Parallel Workers: 8
 Concurrent Workers: 2
 Concurrent Refinement Workers: 8
 Periodic GC: Disabled
Heap:
 garbage-first heap   total 55296K, used 35453K [0x00000000a2c00000, 0x0000000100000000)
  region size 1024K, 11 young (11264K), 3 survivors (3072K)
 Metaspace       used 41985K, committed 42304K, reserved 1114112K
  class space    used 5014K, committed 5184K, reserved 1048576K
GC Heap History (18 events):
Event: 1.938 GC heap before
{Heap before GC invocations=0 (full 0):
 garbage-first heap   total 96256K, used 26624K [0x00000000a2c00000, 0x0000000100000000)
  region size 1024K, 23 young (23552K), 0 survivors (0K)
 Metaspace       used 7192K, committed 7296K, reserved 1114112K
  class space    used 671K, committed 704K, reserved 1048576K
}
Event: 1.957 GC heap after
{Heap after GC invocations=1 (full 0):
 garbage-first heap   total 96256K, used 6144K [0x00000000a2c00000, 0x0000000100000000)
  region size 1024K, 3 young (3072K), 3 survivors (3072K)
 Metaspace       used 7192K, committed 7296K, reserved 1114112K
  class space    used 671K, committed 704K, reserved 1048576K
}
Event: 4.501 GC heap before
{Heap before GC invocations=1 (full 0):
 garbage-first heap   total 96256K, used 38912K [0x00000000a2c00000, 0x0000000100000000)
  region size 1024K, 35 young (35840K), 3 survivors (3072K)
 Metaspace       used 13744K, committed 13952K, reserved 1114112K
  class space    used 1480K, committed 1600K, reserved 1048576K
}
Event: 4.518 GC heap after
{Heap after GC invocations=2 (full 0):
 garbage-first heap   total 96256K, used 11892K [0x00000000a2c00000, 0x0000000100000000)
  region size 1024K, 5 young (5120K), 5 survivors (5120K)
 Metaspace       used 13744K, committed 13952K, reserved 1114112K
  class space    used 1480K, committed 1600K, reserved 1048576K
}
Event: 10.230 GC heap before
{Heap before GC invocations=2 (full 0):
 garbage-first heap   total 96256K, used 38516K [0x00000000a2c00000, 0x0000000100000000)
  region size 1024K, 32 young (32768K), 5 survivors (5120K)
 Metaspace       used 21355K, committed 21504K, reserved 1114112K
  class space    used 2814K, committed 2880K, reserved 1048576K
}
Event: 10.242 GC heap after
{Heap after GC invocations=3 (full 0):
 garbage-first heap   total 96256K, used 14509K [0x00000000a2c00000, 0x0000000100000000)
  region size 1024K, 3 young (3072K), 3 survivors (3072K)
 Metaspace       used 21355K, committed 21504K, reserved 1114112K
  class space    used 2814K, committed 2880K, reserved 1048576K
}
Event: 12.347 GC heap before
{Heap before GC invocations=4 (full 0):
 garbage-first heap   total 55296K, used 43181K [0x00000000a2c00000, 0x0000000100000000)
  region size 1024K, 32 young (32768K), 3 survivors (3072K)
 Metaspace       used 26672K, committed 26880K, reserved 1114112K
  class space    used 3375K, committed 3456K, reserved 1048576K
}
Event: 12.363 GC heap after
{Heap after GC invocations=5 (full 0):
 garbage-first heap   total 55296K, used 17153K [0x00000000a2c00000, 0x0000000100000000)
  region size 1024K, 4 young (4096K), 4 survivors (4096K)
 Metaspace       used 26672K, committed 26880K, reserved 1114112K
  class space    used 3375K, committed 3456K, reserved 1048576K
}
Event: 12.391 GC heap before
{Heap before GC invocations=5 (full 0):
 garbage-first heap   total 55296K, used 17153K [0x00000000a2c00000, 0x0000000100000000)
  region size 1024K, 5 young (5120K), 4 survivors (4096K)
 Metaspace       used 27013K, committed 27200K, reserved 1114112K
  class space    used 3381K, committed 3456K, reserved 1048576K
}
Event: 12.398 GC heap after
{Heap after GC invocations=6 (full 0):
 garbage-first heap   total 55296K, used 17606K [0x00000000a2c00000, 0x0000000100000000)
  region size 1024K, 1 young (1024K), 1 survivors (1024K)
 Metaspace       used 27013K, committed 27200K, reserved 1114112K
  class space    used 3381K, committed 3456K, reserved 1048576K
}
Event: 15.504 GC heap before
{Heap before GC invocations=6 (full 0):
 garbage-first heap   total 55296K, used 38086K [0x00000000a2c00000, 0x0000000100000000)
  region size 1024K, 22 young (22528K), 1 survivors (1024K)
 Metaspace       used 32349K, committed 32512K, reserved 1114112K
  class space    used 3907K, committed 3968K, reserved 1048576K
}
Event: 15.510 GC heap after
{Heap after GC invocations=7 (full 0):
 garbage-first heap   total 55296K, used 18422K [0x00000000a2c00000, 0x0000000100000000)
  region size 1024K, 2 young (2048K), 2 survivors (2048K)
 Metaspace       used 32349K, committed 32512K, reserved 1114112K
  class space    used 3907K, committed 3968K, reserved 1048576K
}
Event: 17.846 GC heap before
{Heap before GC invocations=7 (full 0):
 garbage-first heap   total 55296K, used 34806K [0x00000000a2c00000, 0x0000000100000000)
  region size 1024K, 20 young (20480K), 2 survivors (2048K)
 Metaspace       used 35747K, committed 35968K, reserved 1114112K
  class space    used 4266K, committed 4416K, reserved 1048576K
}
Event: 17.853 GC heap after
{Heap after GC invocations=8 (full 0):
 garbage-first heap   total 55296K, used 20339K [0x00000000a2c00000, 0x0000000100000000)
  region size 1024K, 3 young (3072K), 3 survivors (3072K)
 Metaspace       used 35747K, committed 35968K, reserved 1114112K
  class space    used 4266K, committed 4416K, reserved 1048576K
}
Event: 19.646 GC heap before
{Heap before GC invocations=9 (full 0):
 garbage-first heap   total 55296K, used 39795K [0x00000000a2c00000, 0x0000000100000000)
  region size 1024K, 23 young (23552K), 3 survivors (3072K)
 Metaspace       used 40888K, committed 41152K, reserved 1114112K
  class space    used 4934K, committed 5056K, reserved 1048576K
}
Event: 19.657 GC heap after
{Heap after GC invocations=10 (full 0):
 garbage-first heap   total 55296K, used 22612K [0x00000000a2c00000, 0x0000000100000000)
  region size 1024K, 3 young (3072K), 3 survivors (3072K)
 Metaspace       used 40888K, committed 41152K, reserved 1114112K
  class space    used 4934K, committed 5056K, reserved 1048576K
}
Event: 20.694 GC heap before
{Heap before GC invocations=10 (full 0):
 garbage-first heap   total 55296K, used 42068K [0x00000000a2c00000, 0x0000000100000000)
  region size 1024K, 21 young (21504K), 3 survivors (3072K)
 Metaspace       used 41923K, committed 42176K, reserved 1114112K
  class space    used 5011K, committed 5120K, reserved 1048576K
}
Event: 20.707 GC heap after
{Heap after GC invocations=11 (full 0):
 garbage-first heap   total 55296K, used 29309K [0x00000000a2c00000, 0x0000000100000000)
  region size 1024K, 3 young (3072K), 3 survivors (3072K)
 Metaspace       used 41923K, committed 42176K, reserved 1114112K
  class space    used 5011K, committed 5120K, reserved 1048576K
}

