# JRE version: Java(TM) SE Runtime Environment (17.0.11+7) (build 17.0.11+7-LTS-207)
# Java VM: Java HotSpot(TM) 64-Bit Server VM (17.0.11+7-LTS-207, mixed mode, sharing, tiered, compressed oops, compressed class ptrs, g1 gc, windows-amd64)
GC Precious Log:
 CPUs: 8 total, 8 available
 Memory: 5965M
 Large Page Support: Disabled
 NUMA Support: Disabled
 Compressed Oops: Enabled (Zero based)
 Heap Region Size: 2M
 Heap Min Capacity: 8M
 Heap Initial Capacity: 94M
 Heap Max Capacity: 4G
 Pre-touch: Disabled
 Parallel Workers: 8
 Concurrent Workers: 2
 Concurrent Refinement Workers: 8
 Periodic GC: Disabled
Heap:
 garbage-first heap   total 628736K, used 292154K [0x0000000700000000, 0x0000000800000000)
  region size 2048K, 2 young (4096K), 2 survivors (4096K)
 Metaspace       used 127384K, committed 129728K, reserved 983040K
  class space    used 17337K, committed 18432K, reserved 851968K
GC Heap History (20 events):
Event: 649.709 GC heap after
{Heap after GC invocations=77 (full 0):
 garbage-first heap   total 628736K, used 314958K [0x0000000700000000, 0x0000000800000000)
  region size 2048K, 9 young (18432K), 9 survivors (18432K)
 Metaspace       used 124750K, committed 126720K, reserved 983040K
  class space    used 17056K, committed 17984K, reserved 851968K
}
Event: 654.651 GC heap before
{Heap before GC invocations=77 (full 0):
 garbage-first heap   total 628736K, used 517710K [0x0000000700000000, 0x0000000800000000)
  region size 2048K, 108 young (221184K), 9 survivors (18432K)
 Metaspace       used 125058K, committed 127104K, reserved 983040K
  class space    used 17083K, committed 18048K, reserved 851968K
}
Event: 654.738 GC heap after
{Heap after GC invocations=78 (full 0):
 garbage-first heap   total 628736K, used 350652K [0x0000000700000000, 0x0000000800000000)
  region size 2048K, 14 young (28672K), 14 survivors (28672K)
 Metaspace       used 125058K, committed 127104K, reserved 983040K
  class space    used 17083K, committed 18048K, reserved 851968K
}
Event: 658.414 GC heap before
{Heap before GC invocations=79 (full 0):
 garbage-first heap   total 628736K, used 508348K [0x0000000700000000, 0x0000000800000000)
  region size 2048K, 91 young (186368K), 14 survivors (28672K)
 Metaspace       used 125580K, committed 127744K, reserved 983040K
  class space    used 17150K, committed 18176K, reserved 851968K
}
Event: 658.463 GC heap after
{Heap after GC invocations=80 (full 0):
 garbage-first heap   total 628736K, used 366430K [0x0000000700000000, 0x0000000800000000)
  region size 2048K, 7 young (14336K), 7 survivors (14336K)
 Metaspace       used 125580K, committed 127744K, reserved 983040K
  class space    used 17150K, committed 18176K, reserved 851968K
}
Event: 658.636 GC heap before
{Heap before GC invocations=80 (full 0):
 garbage-first heap   total 628736K, used 382814K [0x0000000700000000, 0x0000000800000000)
  region size 2048K, 15 young (30720K), 7 survivors (14336K)
 Metaspace       used 125597K, committed 127744K, reserved 983040K
  class space    used 17152K, committed 18176K, reserved 851968K
}
Event: 658.665 GC heap after
{Heap after GC invocations=81 (full 0):
 garbage-first heap   total 628736K, used 318848K [0x0000000700000000, 0x0000000800000000)
  region size 2048K, 2 young (4096K), 2 survivors (4096K)
 Metaspace       used 125597K, committed 127744K, reserved 983040K
  class space    used 17152K, committed 18176K, reserved 851968K
}
Event: 669.008 GC heap before
{Heap before GC invocations=81 (full 0):
 garbage-first heap   total 628736K, used 343424K [0x0000000700000000, 0x0000000800000000)
  region size 2048K, 15 young (30720K), 2 survivors (4096K)
 Metaspace       used 125674K, committed 127808K, reserved 983040K
  class space    used 17162K, committed 18176K, reserved 851968K
}
Event: 669.073 GC heap after
{Heap after GC invocations=82 (full 0):
 garbage-first heap   total 628736K, used 302125K [0x0000000700000000, 0x0000000800000000)
  region size 2048K, 2 young (4096K), 2 survivors (4096K)
 Metaspace       used 125674K, committed 127808K, reserved 983040K
  class space    used 17162K, committed 18176K, reserved 851968K
}
Event: 822.929 GC heap before
{Heap before GC invocations=82 (full 0):
 garbage-first heap   total 628736K, used 490541K [0x0000000700000000, 0x0000000800000000)
  region size 2048K, 95 young (194560K), 2 survivors (4096K)
 Metaspace       used 126085K, committed 128256K, reserved 983040K
  class space    used 17202K, committed 18240K, reserved 851968K
}
Event: 822.973 GC heap after
{Heap after GC invocations=83 (full 0):
 garbage-first heap   total 628736K, used 319221K [0x0000000700000000, 0x0000000800000000)
  region size 2048K, 10 young (20480K), 10 survivors (20480K)
 Metaspace       used 126085K, committed 128256K, reserved 983040K
  class space    used 17202K, committed 18240K, reserved 851968K
}
Event: 839.192 GC heap before
{Heap before GC invocations=84 (full 0):
 garbage-first heap   total 628736K, used 501493K [0x0000000700000000, 0x0000000800000000)
  region size 2048K, 99 young (202752K), 10 survivors (20480K)
 Metaspace       used 126599K, committed 128832K, reserved 983040K
  class space    used 17260K, committed 18304K, reserved 851968K
}
Event: 839.226 GC heap after
{Heap after GC invocations=85 (full 0):
 garbage-first heap   total 628736K, used 323203K [0x0000000700000000, 0x0000000800000000)
  region size 2048K, 10 young (20480K), 10 survivors (20480K)
 Metaspace       used 126599K, committed 128832K, reserved 983040K
  class space    used 17260K, committed 18304K, reserved 851968K
}
Event: 839.276 GC heap before
{Heap before GC invocations=85 (full 0):
 garbage-first heap   total 628736K, used 331395K [0x0000000700000000, 0x0000000800000000)
  region size 2048K, 15 young (30720K), 10 survivors (20480K)
 Metaspace       used 126600K, committed 128832K, reserved 983040K
  class space    used 17260K, committed 18304K, reserved 851968K
}
Event: 839.379 GC heap after
{Heap after GC invocations=86 (full 0):
 garbage-first heap   total 628736K, used 312708K [0x0000000700000000, 0x0000000800000000)
  region size 2048K, 2 young (4096K), 2 survivors (4096K)
 Metaspace       used 126600K, committed 128832K, reserved 983040K
  class space    used 17260K, committed 18304K, reserved 851968K
}
Event: 849.394 GC heap before
{Heap before GC invocations=86 (full 0):
 garbage-first heap   total 628736K, used 501124K [0x0000000700000000, 0x0000000800000000)
  region size 2048K, 94 young (192512K), 2 survivors (4096K)
 Metaspace       used 127148K, committed 129408K, reserved 983040K
  class space    used 17328K, committed 18432K, reserved 851968K
}
Event: 849.419 GC heap after
{Heap after GC invocations=87 (full 0):
 garbage-first heap   total 628736K, used 329807K [0x0000000700000000, 0x0000000800000000)
  region size 2048K, 10 young (20480K), 10 survivors (20480K)
 Metaspace       used 127148K, committed 129408K, reserved 983040K
  class space    used 17328K, committed 18432K, reserved 851968K
}
Event: 851.659 GC heap before
{Heap before GC invocations=88 (full 0):
 garbage-first heap   total 628736K, used 487424K [0x0000000700000000, 0x0000000800000000)
  region size 2048K, 96 young (196608K), 10 survivors (20480K)
 Metaspace       used 127384K, committed 129728K, reserved 983040K
  class space    used 17337K, committed 18432K, reserved 851968K
}
Event: 851.702 GC heap after
{Heap after GC invocations=89 (full 0):
 garbage-first heap   total 628736K, used 340495K [0x0000000700000000, 0x0000000800000000)
  region size 2048K, 12 young (24576K), 12 survivors (24576K)
 Metaspace       used 127384K, committed 129728K, reserved 983040K
  class space    used 17337K, committed 18432K, reserved 851968K
}
Event: 851.745 GC heap before
{Heap before GC invocations=89 (full 0):
 garbage-first heap   total 628736K, used 344591K [0x0000000700000000, 0x0000000800000000)
  region size 2048K, 15 young (30720K), 12 survivors (24576K)
 Metaspace       used 127384K, committed 129728K, reserved 983040K
  class space    used 17337K, committed 18432K, reserved 851968K
}

