# JRE version: Java(TM) SE Runtime Environment (17.0.11+7) (build 17.0.11+7-LTS-207)
# Java VM: Java HotSpot(TM) 64-Bit Server VM (17.0.11+7-LTS-207, mixed mode, sharing, tiered, compressed oops, compressed class ptrs, g1 gc, windows-amd64)
GC Precious Log:
 CPUs: 8 total, 8 available
 Memory: 5965M
 Large Page Support: Disabled
 NUMA Support: Disabled
 Compressed Oops: Enabled (Zero based)
 Heap Region Size: 2M
 Heap Min Capacity: 8M
 Heap Initial Capacity: 94M
 Heap Max Capacity: 4G
 Pre-touch: Disabled
 Parallel Workers: 8
 Concurrent Workers: 2
 Concurrent Refinement Workers: 8
 Periodic GC: Disabled
Heap:
 garbage-first heap   total 745472K, used 339092K [0x0000000700000000, 0x0000000800000000)
  region size 2048K, 3 young (6144K), 3 survivors (6144K)
 Metaspace       used 126235K, committed 128448K, reserved 983040K
  class space    used 17193K, committed 18240K, reserved 851968K
GC Heap History (20 events):
Event: 1072.165 GC heap after
{Heap after GC invocations=90 (full 0):
 garbage-first heap   total 540672K, used 300077K [0x0000000700000000, 0x0000000800000000)
  region size 2048K, 2 young (4096K), 2 survivors (4096K)
 Metaspace       used 123898K, committed 125632K, reserved 983040K
  class space    used 16942K, committed 17728K, reserved 851968K
}
Event: 1073.254 GC heap before
{Heap before GC invocations=90 (full 0):
 garbage-first heap   total 540672K, used 322605K [0x0000000700000000, 0x0000000800000000)
  region size 2048K, 13 young (26624K), 2 survivors (4096K)
 Metaspace       used 124034K, committed 125760K, reserved 983040K
  class space    used 16946K, committed 17728K, reserved 851968K
}
Event: 1073.424 GC heap after
{Heap after GC invocations=91 (full 0):
 garbage-first heap   total 540672K, used 289884K [0x0000000700000000, 0x0000000800000000)
  region size 2048K, 2 young (4096K), 2 survivors (4096K)
 Metaspace       used 124034K, committed 125760K, reserved 983040K
  class space    used 16946K, committed 17728K, reserved 851968K
}
Event: 1078.564 GC heap before
{Heap before GC invocations=91 (full 0):
 garbage-first heap   total 540672K, used 447580K [0x0000000700000000, 0x0000000800000000)
  region size 2048K, 79 young (161792K), 2 survivors (4096K)
 Metaspace       used 124792K, committed 126656K, reserved 983040K
  class space    used 17051K, committed 17920K, reserved 851968K
}
Event: 1078.617 GC heap after
{Heap after GC invocations=92 (full 0):
 garbage-first heap   total 745472K, used 313044K [0x0000000700000000, 0x0000000800000000)
  region size 2048K, 10 young (20480K), 10 survivors (20480K)
 Metaspace       used 124792K, committed 126656K, reserved 983040K
  class space    used 17051K, committed 17920K, reserved 851968K
}
Event: 1084.865 GC heap before
{Heap before GC invocations=92 (full 0):
 garbage-first heap   total 745472K, used 540372K [0x0000000700000000, 0x0000000800000000)
  region size 2048K, 121 young (247808K), 10 survivors (20480K)
 Metaspace       used 125217K, committed 127296K, reserved 983040K
  class space    used 17100K, committed 18048K, reserved 851968K
}
Event: 1084.936 GC heap after
{Heap after GC invocations=93 (full 0):
 garbage-first heap   total 745472K, used 350852K [0x0000000700000000, 0x0000000800000000)
  region size 2048K, 16 young (32768K), 16 survivors (32768K)
 Metaspace       used 125217K, committed 127296K, reserved 983040K
  class space    used 17100K, committed 18048K, reserved 851968K
}
Event: 1158.138 GC heap before
{Heap before GC invocations=94 (full 0):
 garbage-first heap   total 745472K, used 531076K [0x0000000700000000, 0x0000000800000000)
  region size 2048K, 104 young (212992K), 16 survivors (32768K)
 Metaspace       used 125710K, committed 127872K, reserved 983040K
  class space    used 17158K, committed 18176K, reserved 851968K
}
Event: 1158.800 GC heap after
{Heap after GC invocations=95 (full 0):
 garbage-first heap   total 745472K, used 365752K [0x0000000700000000, 0x0000000800000000)
  region size 2048K, 7 young (14336K), 7 survivors (14336K)
 Metaspace       used 125710K, committed 127872K, reserved 983040K
  class space    used 17158K, committed 18176K, reserved 851968K
}
Event: 1161.867 GC heap before
{Heap before GC invocations=95 (full 0):
 garbage-first heap   total 745472K, used 388280K [0x0000000700000000, 0x0000000800000000)
  region size 2048K, 18 young (36864K), 7 survivors (14336K)
 Metaspace       used 125722K, committed 127872K, reserved 983040K
  class space    used 17160K, committed 18176K, reserved 851968K
}
Event: 1161.995 GC heap after
{Heap after GC invocations=96 (full 0):
 garbage-first heap   total 745472K, used 363611K [0x0000000700000000, 0x0000000800000000)
  region size 2048K, 2 young (4096K), 2 survivors (4096K)
 Metaspace       used 125722K, committed 127872K, reserved 983040K
  class space    used 17160K, committed 18176K, reserved 851968K
}
Event: 1700.932 GC heap before
{Heap before GC invocations=96 (full 0):
 garbage-first heap   total 745472K, used 521307K [0x0000000700000000, 0x0000000800000000)
  region size 2048K, 79 young (161792K), 2 survivors (4096K)
 Metaspace       used 126090K, committed 128256K, reserved 983040K
  class space    used 17183K, committed 18176K, reserved 851968K
}
Event: 1701.026 GC heap after
{Heap after GC invocations=97 (full 0):
 garbage-first heap   total 745472K, used 376832K [0x0000000700000000, 0x0000000800000000)
  region size 2048K, 8 young (16384K), 8 survivors (16384K)
 Metaspace       used 126090K, committed 128256K, reserved 983040K
  class space    used 17183K, committed 18176K, reserved 851968K
}
Event: 1704.313 GC heap before
{Heap before GC invocations=98 (full 0):
 garbage-first heap   total 745472K, used 458752K [0x0000000700000000, 0x0000000800000000)
  region size 2048K, 48 young (98304K), 8 survivors (16384K)
 Metaspace       used 126165K, committed 128384K, reserved 983040K
  class space    used 17189K, committed 18240K, reserved 851968K
}
Event: 1704.360 GC heap after
{Heap after GC invocations=99 (full 0):
 garbage-first heap   total 745472K, used 390347K [0x0000000700000000, 0x0000000800000000)
  region size 2048K, 6 young (12288K), 6 survivors (12288K)
 Metaspace       used 126165K, committed 128384K, reserved 983040K
  class space    used 17189K, committed 18240K, reserved 851968K
}
Event: 1704.788 GC heap before
{Heap before GC invocations=99 (full 0):
 garbage-first heap   total 745472K, used 412875K [0x0000000700000000, 0x0000000800000000)
  region size 2048K, 18 young (36864K), 6 survivors (12288K)
 Metaspace       used 126180K, committed 128384K, reserved 983040K
  class space    used 17189K, committed 18240K, reserved 851968K
}
Event: 1704.857 GC heap after
{Heap after GC invocations=100 (full 0):
 garbage-first heap   total 745472K, used 353285K [0x0000000700000000, 0x0000000800000000)
  region size 2048K, 3 young (6144K), 3 survivors (6144K)
 Metaspace       used 126180K, committed 128384K, reserved 983040K
  class space    used 17189K, committed 18240K, reserved 851968K
}
Event: 1705.332 GC heap before
{Heap before GC invocations=100 (full 0):
 garbage-first heap   total 745472K, used 384005K [0x0000000700000000, 0x0000000800000000)
  region size 2048K, 18 young (36864K), 3 survivors (6144K)
 Metaspace       used 126216K, committed 128448K, reserved 983040K
  class space    used 17193K, committed 18240K, reserved 851968K
}
Event: 1705.381 GC heap after
{Heap after GC invocations=101 (full 0):
 garbage-first heap   total 745472K, used 342463K [0x0000000700000000, 0x0000000800000000)
  region size 2048K, 3 young (6144K), 3 survivors (6144K)
 Metaspace       used 126216K, committed 128448K, reserved 983040K
  class space    used 17193K, committed 18240K, reserved 851968K
}
Event: 1706.062 GC heap before
{Heap before GC invocations=101 (full 0):
 garbage-first heap   total 745472K, used 371135K [0x0000000700000000, 0x0000000800000000)
  region size 2048K, 18 young (36864K), 3 survivors (6144K)
 Metaspace       used 126235K, committed 128448K, reserved 983040K
  class space    used 17193K, committed 18240K, reserved 851968K
}

