# JRE version: Java(TM) SE Runtime Environment (17.0.11+7) (build 17.0.11+7-LTS-207)
# Java VM: Java HotSpot(TM) 64-Bit Server VM (17.0.11+7-LTS-207, mixed mode, sharing, tiered, compressed oops, compressed class ptrs, g1 gc, windows-amd64)
GC Precious Log:
 CPUs: 8 total, 8 available
 Memory: 5965M
 Large Page Support: Disabled
 NUMA Support: Disabled
 Compressed Oops: Enabled (Zero based)
 Heap Region Size: 2M
 Heap Min Capacity: 8M
 Heap Initial Capacity: 94M
 Heap Max Capacity: 4G
 Pre-touch: Disabled
 Parallel Workers: 8
 Concurrent Workers: 2
 Concurrent Refinement Workers: 8
 Periodic GC: Disabled
Heap:
 garbage-first heap   total 587776K, used 285697K [0x0000000700000000, 0x0000000800000000)
  region size 2048K, 2 young (4096K), 2 survivors (4096K)
 Metaspace       used 125167K, committed 127232K, reserved 983040K
  class space    used 17071K, committed 18048K, reserved 851968K
GC Heap History (20 events):
Event: 51.193 GC heap after
{Heap after GC invocations=71 (full 0):
 garbage-first heap   total 442368K, used 290127K [0x0000000700000000, 0x0000000800000000)
  region size 2048K, 4 young (8192K), 4 survivors (8192K)
 Metaspace       used 118032K, committed 119680K, reserved 983040K
  class space    used 16280K, committed 17024K, reserved 851968K
}
Event: 51.797 GC heap before
{Heap before GC invocations=71 (full 0):
 garbage-first heap   total 442368K, used 372047K [0x0000000700000000, 0x0000000800000000)
  region size 2048K, 45 young (92160K), 4 survivors (8192K)
 Metaspace       used 118861K, committed 120512K, reserved 983040K
  class space    used 16313K, committed 17088K, reserved 851968K
}
Event: 51.807 GC heap after
{Heap after GC invocations=72 (full 0):
 garbage-first heap   total 532480K, used 291356K [0x0000000700000000, 0x0000000800000000)
  region size 2048K, 3 young (6144K), 3 survivors (6144K)
 Metaspace       used 118861K, committed 120512K, reserved 983040K
  class space    used 16313K, committed 17088K, reserved 851968K
}
Event: 52.523 GC heap before
{Heap before GC invocations=72 (full 0):
 garbage-first heap   total 532480K, used 447004K [0x0000000700000000, 0x0000000800000000)
  region size 2048K, 80 young (163840K), 3 survivors (6144K)
 Metaspace       used 119490K, committed 121152K, reserved 983040K
  class space    used 16375K, committed 17152K, reserved 851968K
}
Event: 52.532 GC heap after
{Heap after GC invocations=73 (full 0):
 garbage-first heap   total 532480K, used 294005K [0x0000000700000000, 0x0000000800000000)
  region size 2048K, 4 young (8192K), 4 survivors (8192K)
 Metaspace       used 119490K, committed 121152K, reserved 983040K
  class space    used 16375K, committed 17152K, reserved 851968K
}
Event: 56.726 GC heap before
{Heap before GC invocations=73 (full 0):
 garbage-first heap   total 532480K, used 412789K [0x0000000700000000, 0x0000000800000000)
  region size 2048K, 64 young (131072K), 4 survivors (8192K)
 Metaspace       used 122694K, committed 124480K, reserved 983040K
  class space    used 16784K, committed 17664K, reserved 851968K
}
Event: 56.738 GC heap after
{Heap after GC invocations=74 (full 0):
 garbage-first heap   total 532480K, used 297384K [0x0000000700000000, 0x0000000800000000)
  region size 2048K, 6 young (12288K), 6 survivors (12288K)
 Metaspace       used 122694K, committed 124480K, reserved 983040K
  class space    used 16784K, committed 17664K, reserved 851968K
}
Event: 3199.582 GC heap before
{Heap before GC invocations=75 (full 0):
 garbage-first heap   total 532480K, used 453032K [0x0000000700000000, 0x0000000800000000)
  region size 2048K, 82 young (167936K), 6 survivors (12288K)
 Metaspace       used 123984K, committed 125760K, reserved 983040K
  class space    used 16943K, committed 17792K, reserved 851968K
}
Event: 3199.779 GC heap after
{Heap after GC invocations=76 (full 0):
 garbage-first heap   total 532480K, used 301144K [0x0000000700000000, 0x0000000800000000)
  region size 2048K, 8 young (16384K), 8 survivors (16384K)
 Metaspace       used 123984K, committed 125760K, reserved 983040K
  class space    used 16943K, committed 17792K, reserved 851968K
}
Event: 3200.053 GC heap before
{Heap before GC invocations=76 (full 0):
 garbage-first heap   total 532480K, used 309336K [0x0000000700000000, 0x0000000800000000)
  region size 2048K, 13 young (26624K), 8 survivors (16384K)
 Metaspace       used 124025K, committed 125824K, reserved 983040K
  class space    used 16944K, committed 17792K, reserved 851968K
}
Event: 3200.330 GC heap after
{Heap after GC invocations=77 (full 0):
 garbage-first heap   total 532480K, used 291852K [0x0000000700000000, 0x0000000800000000)
  region size 2048K, 2 young (4096K), 2 survivors (4096K)
 Metaspace       used 124025K, committed 125824K, reserved 983040K
  class space    used 16944K, committed 17792K, reserved 851968K
}
Event: 3205.941 GC heap before
{Heap before GC invocations=77 (full 0):
 garbage-first heap   total 532480K, used 453644K [0x0000000700000000, 0x0000000800000000)
  region size 2048K, 81 young (165888K), 2 survivors (4096K)
 Metaspace       used 124935K, committed 126912K, reserved 983040K
  class space    used 17053K, committed 17984K, reserved 851968K
}
Event: 3205.983 GC heap after
{Heap after GC invocations=78 (full 0):
 garbage-first heap   total 532480K, used 315218K [0x0000000700000000, 0x0000000800000000)
  region size 2048K, 11 young (22528K), 11 survivors (22528K)
 Metaspace       used 124935K, committed 126912K, reserved 983040K
  class space    used 17053K, committed 17984K, reserved 851968K
}
Event: 3208.432 GC heap before
{Heap before GC invocations=79 (full 0):
 garbage-first heap   total 587776K, used 440146K [0x0000000700000000, 0x0000000800000000)
  region size 2048K, 72 young (147456K), 11 survivors (22528K)
 Metaspace       used 125076K, committed 127104K, reserved 983040K
  class space    used 17061K, committed 18048K, reserved 851968K
}
Event: 3208.484 GC heap after
{Heap after GC invocations=80 (full 0):
 garbage-first heap   total 587776K, used 334451K [0x0000000700000000, 0x0000000800000000)
  region size 2048K, 9 young (18432K), 9 survivors (18432K)
 Metaspace       used 125076K, committed 127104K, reserved 983040K
  class space    used 17061K, committed 18048K, reserved 851968K
}
Event: 3208.527 GC heap before
{Heap before GC invocations=80 (full 0):
 garbage-first heap   total 587776K, used 344691K [0x0000000700000000, 0x0000000800000000)
  region size 2048K, 14 young (28672K), 9 survivors (18432K)
 Metaspace       used 125076K, committed 127104K, reserved 983040K
  class space    used 17061K, committed 18048K, reserved 851968K
}
Event: 3208.589 GC heap after
{Heap after GC invocations=81 (full 0):
 garbage-first heap   total 587776K, used 292591K [0x0000000700000000, 0x0000000800000000)
  region size 2048K, 2 young (4096K), 2 survivors (4096K)
 Metaspace       used 125076K, committed 127104K, reserved 983040K
  class space    used 17061K, committed 18048K, reserved 851968K
}
Event: 3209.041 GC heap before
{Heap before GC invocations=81 (full 0):
 garbage-first heap   total 587776K, used 317167K [0x0000000700000000, 0x0000000800000000)
  region size 2048K, 14 young (28672K), 2 survivors (4096K)
 Metaspace       used 125127K, committed 127168K, reserved 983040K
  class space    used 17067K, committed 18048K, reserved 851968K
}
Event: 3209.078 GC heap after
{Heap after GC invocations=82 (full 0):
 garbage-first heap   total 587776K, used 280571K [0x0000000700000000, 0x0000000800000000)
  region size 2048K, 2 young (4096K), 2 survivors (4096K)
 Metaspace       used 125127K, committed 127168K, reserved 983040K
  class space    used 17067K, committed 18048K, reserved 851968K
}
Event: 3209.420 GC heap before
{Heap before GC invocations=82 (full 0):
 garbage-first heap   total 587776K, used 305147K [0x0000000700000000, 0x0000000800000000)
  region size 2048K, 14 young (28672K), 2 survivors (4096K)
 Metaspace       used 125167K, committed 127232K, reserved 983040K
  class space    used 17071K, committed 18048K, reserved 851968K
}

